<?xml version="1.0" encoding="UTF-8"?>
<!-- Generated by org.testng.reporters.JUnitXMLReporter -->
<testsuite ignored="0" hostname="KAPIL" failures="0" tests="2" name="chromeTest" time="13.794" errors="0" timestamp="2022-10-13T13:21:46 IST">
  <testcase classname="testclassTestng.TC02_verifylogoutfunctanility2" name="verifyloutFunctanility2" time="0.031"/>
  <testcase classname="testclassTestng.TC01_verifyloginFunctanility1" name="verifyloginfunctionality1" time="0.035"/>
</testsuite> <!-- chromeTest -->
