<?xml version="1.0" encoding="UTF-8"?>
<!-- Generated by org.testng.reporters.JUnitXMLReporter -->
<testsuite ignored="0" hostname="KAPIL" failures="0" tests="2" name="FirefoxTest" time="17.788" errors="0" timestamp="2022-10-13T13:22:04 IST">
  <testcase classname="testclassTestng.TC03_verifyBagProductFunctionality3" name="verifybagproductfunctionality3" time="0.073"/>
  <testcase classname="testclassTestng.TC04_verifyAllproductFunctionality4" name="verifyallproductfunctainality4" time="0.979"/>
</testsuite> <!-- FirefoxTest -->
