<?xml version="1.0" encoding="UTF-8"?>
<testng-results ignored="0" total="4" passed="4" failed="0" skipped="0">
  <reporter-output>
  </reporter-output>
  <suite started-at="2022-10-13T13:21:32 IST" name="suite" finished-at="2022-10-13T13:22:04 IST" duration-ms="31646">
    <groups>
    </groups>
    <test started-at="2022-10-13T13:21:32 IST" name="chromeTest" finished-at="2022-10-13T13:21:46 IST" duration-ms="13794">
      <class name="testclassTestng.TC02_verifylogoutfunctanility2">
        <test-method is-config="true" signature="setup(java.lang.String)[pri:0, instance:testclassTestng.TC02_verifylogoutfunctanility2@619713e5]" started-at="2022-10-13T13:21:32 IST" name="setup" finished-at="2022-10-13T13:21:41 IST" duration-ms="8384" status="PASS">
          <params>
            <param index="0">
              <value>
                <![CDATA[chrome]]>
              </value>
            </param>
          </params>
          <reporter-output>
          </reporter-output>
        </test-method> <!-- setup -->
        <test-method signature="verifyloutFunctanility2()[pri:0, instance:testclassTestng.TC02_verifylogoutfunctanility2@619713e5]" started-at="2022-10-13T13:21:41 IST" name="verifyloutFunctanility2" finished-at="2022-10-13T13:21:41 IST" duration-ms="31" status="PASS">
          <reporter-output>
          </reporter-output>
        </test-method> <!-- verifyloutFunctanility2 -->
        <test-method is-config="true" signature="tearDown()[pri:0, instance:testclassTestng.TC02_verifylogoutfunctanility2@619713e5]" started-at="2022-10-13T13:21:41 IST" name="tearDown" finished-at="2022-10-13T13:21:41 IST" duration-ms="555" status="PASS">
          <reporter-output>
          </reporter-output>
        </test-method> <!-- tearDown -->
      </class> <!-- testclassTestng.TC02_verifylogoutfunctanility2 -->
      <class name="testclassTestng.TC01_verifyloginFunctanility1">
        <test-method is-config="true" signature="setup(java.lang.String)[pri:0, instance:testclassTestng.TC01_verifyloginFunctanility1@62150f9e]" started-at="2022-10-13T13:21:41 IST" name="setup" finished-at="2022-10-13T13:21:45 IST" duration-ms="4037" status="PASS">
          <params>
            <param index="0">
              <value>
                <![CDATA[chrome]]>
              </value>
            </param>
          </params>
          <reporter-output>
          </reporter-output>
        </test-method> <!-- setup -->
        <test-method signature="verifyloginfunctionality1()[pri:0, instance:testclassTestng.TC01_verifyloginFunctanility1@62150f9e]" started-at="2022-10-13T13:21:45 IST" name="verifyloginfunctionality1" finished-at="2022-10-13T13:21:45 IST" duration-ms="35" status="PASS">
          <reporter-output>
          </reporter-output>
        </test-method> <!-- verifyloginfunctionality1 -->
        <test-method is-config="true" signature="tearDown()[pri:0, instance:testclassTestng.TC01_verifyloginFunctanility1@62150f9e]" started-at="2022-10-13T13:21:45 IST" name="tearDown" finished-at="2022-10-13T13:21:46 IST" duration-ms="667" status="PASS">
          <reporter-output>
          </reporter-output>
        </test-method> <!-- tearDown -->
      </class> <!-- testclassTestng.TC01_verifyloginFunctanility1 -->
    </test> <!-- chromeTest -->
    <test started-at="2022-10-13T13:21:46 IST" name="FirefoxTest" finished-at="2022-10-13T13:22:04 IST" duration-ms="17788">
      <class name="testclassTestng.TC04_verifyAllproductFunctionality4">
        <test-method is-config="true" signature="setup(java.lang.String)[pri:0, instance:testclassTestng.TC04_verifyAllproductFunctionality4@79e2c065]" started-at="2022-10-13T13:21:55 IST" name="setup" finished-at="2022-10-13T13:22:01 IST" duration-ms="6716" status="PASS">
          <params>
            <param index="0">
              <value>
                <![CDATA[Firefox]]>
              </value>
            </param>
          </params>
          <reporter-output>
          </reporter-output>
        </test-method> <!-- setup -->
        <test-method signature="verifyallproductfunctainality4()[pri:0, instance:testclassTestng.TC04_verifyAllproductFunctionality4@79e2c065]" started-at="2022-10-13T13:22:01 IST" name="verifyallproductfunctainality4" finished-at="2022-10-13T13:22:02 IST" duration-ms="979" status="PASS">
          <reporter-output>
          </reporter-output>
        </test-method> <!-- verifyallproductfunctainality4 -->
        <test-method is-config="true" signature="tearDown()[pri:0, instance:testclassTestng.TC04_verifyAllproductFunctionality4@79e2c065]" started-at="2022-10-13T13:22:02 IST" name="tearDown" finished-at="2022-10-13T13:22:04 IST" duration-ms="1383" status="PASS">
          <reporter-output>
          </reporter-output>
        </test-method> <!-- tearDown -->
      </class> <!-- testclassTestng.TC04_verifyAllproductFunctionality4 -->
      <class name="testclassTestng.TC03_verifyBagProductFunctionality3">
        <test-method is-config="true" signature="setup(java.lang.String)[pri:0, instance:testclassTestng.TC03_verifyBagProductFunctionality3@478190fc]" started-at="2022-10-13T13:21:46 IST" name="setup" finished-at="2022-10-13T13:21:53 IST" duration-ms="7279" status="PASS">
          <params>
            <param index="0">
              <value>
                <![CDATA[Firefox]]>
              </value>
            </param>
          </params>
          <reporter-output>
          </reporter-output>
        </test-method> <!-- setup -->
        <test-method signature="verifybagproductfunctionality3()[pri:0, instance:testclassTestng.TC03_verifyBagProductFunctionality3@478190fc]" started-at="2022-10-13T13:21:53 IST" name="verifybagproductfunctionality3" finished-at="2022-10-13T13:21:53 IST" duration-ms="73" status="PASS">
          <reporter-output>
          </reporter-output>
        </test-method> <!-- verifybagproductfunctionality3 -->
        <test-method is-config="true" signature="tearDown()[pri:0, instance:testclassTestng.TC03_verifyBagProductFunctionality3@478190fc]" started-at="2022-10-13T13:21:53 IST" name="tearDown" finished-at="2022-10-13T13:21:55 IST" duration-ms="1354" status="PASS">
          <reporter-output>
          </reporter-output>
        </test-method> <!-- tearDown -->
      </class> <!-- testclassTestng.TC03_verifyBagProductFunctionality3 -->
    </test> <!-- FirefoxTest -->
  </suite> <!-- suite -->
</testng-results>
